<?xml version="1.0" encoding="UTF-8"?>
<testng-results skipped="0" failed="0" total="10" passed="10">
  <reporter-output>
  </reporter-output>
  <suite name="Default suite" duration-ms="292254" started-at="2016-11-25T11:20:06Z" finished-at="2016-11-25T11:24:58Z">
    <groups>
    </groups>
    <test name="Default test" duration-ms="292254" started-at="2016-11-25T11:20:06Z" finished-at="2016-11-25T11:24:58Z">
      <class name="testingNg.TestApplogin2">
        <test-method status="PASS" signature="test1()[pri:0, instance:testingNg.TestApplogin2@146ba0ac]" name="test1" duration-ms="21682" started-at="2016-11-25T16:50:06Z" finished-at="2016-11-25T16:50:27Z">
          <reporter-output>
          </reporter-output>
        </test-method> <!-- test1 -->
        <test-method status="PASS" signature="test10()[pri:0, instance:testingNg.TestApplogin2@146ba0ac]" name="test10" duration-ms="10575" started-at="2016-11-25T16:50:27Z" finished-at="2016-11-25T16:50:38Z">
          <reporter-output>
          </reporter-output>
        </test-method> <!-- test10 -->
        <test-method status="PASS" signature="test2()[pri:0, instance:testingNg.TestApplogin2@146ba0ac]" name="test2" duration-ms="15229" started-at="2016-11-25T16:50:38Z" finished-at="2016-11-25T16:50:53Z">
          <reporter-output>
          </reporter-output>
        </test-method> <!-- test2 -->
        <test-method status="PASS" signature="test3()[pri:0, instance:testingNg.TestApplogin2@146ba0ac]" name="test3" duration-ms="11282" started-at="2016-11-25T16:50:53Z" finished-at="2016-11-25T16:51:04Z">
          <reporter-output>
          </reporter-output>
        </test-method> <!-- test3 -->
        <test-method status="PASS" signature="test4()[pri:0, instance:testingNg.TestApplogin2@146ba0ac]" name="test4" duration-ms="15520" started-at="2016-11-25T16:51:04Z" finished-at="2016-11-25T16:51:20Z">
          <reporter-output>
          </reporter-output>
        </test-method> <!-- test4 -->
        <test-method status="PASS" signature="test5()[pri:0, instance:testingNg.TestApplogin2@146ba0ac]" name="test5" duration-ms="23478" started-at="2016-11-25T16:51:20Z" finished-at="2016-11-25T16:51:43Z">
          <reporter-output>
          </reporter-output>
        </test-method> <!-- test5 -->
        <test-method status="PASS" signature="test6()[pri:0, instance:testingNg.TestApplogin2@146ba0ac]" name="test6" duration-ms="73799" started-at="2016-11-25T16:51:43Z" finished-at="2016-11-25T16:52:57Z">
          <reporter-output>
          </reporter-output>
        </test-method> <!-- test6 -->
        <test-method status="PASS" signature="test8()[pri:0, instance:testingNg.TestApplogin2@146ba0ac]" name="test8" duration-ms="41595" started-at="2016-11-25T16:52:57Z" finished-at="2016-11-25T16:53:39Z">
          <reporter-output>
          </reporter-output>
        </test-method> <!-- test8 -->
        <test-method status="PASS" signature="test9()[pri:0, instance:testingNg.TestApplogin2@146ba0ac]" name="test9" duration-ms="34535" started-at="2016-11-25T16:53:39Z" finished-at="2016-11-25T16:54:13Z">
          <reporter-output>
          </reporter-output>
        </test-method> <!-- test9 -->
        <test-method status="PASS" signature="test7()[pri:3, instance:testingNg.TestApplogin2@146ba0ac]" name="test7" duration-ms="43749" started-at="2016-11-25T16:54:14Z" finished-at="2016-11-25T16:54:58Z">
          <reporter-output>
          </reporter-output>
        </test-method> <!-- test7 -->
      </class> <!-- testingNg.TestApplogin2 -->
    </test> <!-- Default test -->
  </suite> <!-- Default suite -->
</testng-results>
